  twosum_target.cpp
C:\Users\crupi\source\repos\twosum_target\twosum_target.cpp(23,1): warning C4267: 'argument': conversion from 'size_t' to '_Ty', possible loss of data
          with
          [
              _Ty=int
          ]
C:\Program Files\Microsoft Visual Studio\2022\Preview\VC\Tools\MSVC\14.35.32124\include\utility(200,61): warning C4244: 'initializing': conversion from '_Ty' to '_Ty2', possible loss of data
          with
          [
              _Ty=unsigned __int64
          ]
          and
          [
              _Ty2=int
          ]
C:\Program Files\Microsoft Visual Studio\2022\Preview\VC\Tools\MSVC\14.35.32124\include\xmemory(673): message : see reference to function template instantiation 'std::pair<const int,int>::pair<int,unsigned __int64,0>(std::pair<int,unsigned __int64> &&) noexcept' being compiled
C:\Program Files\Microsoft Visual Studio\2022\Preview\VC\Tools\MSVC\14.35.32124\include\xmemory(680,47): message : see reference to function template instantiation 'std::pair<const int,int>::pair<int,unsigned __int64,0>(std::pair<int,unsigned __int64> &&) noexcept' being compiled
C:\Program Files\Microsoft Visual Studio\2022\Preview\VC\Tools\MSVC\14.35.32124\include\list(584): message : see reference to function template instantiation 'void std::_Default_allocator_traits<_Alloc>::construct<_Ty,std::pair<int,unsigned __int64>>(_Alloc &,_Objty *const ,std::pair<int,unsigned __int64> &&)' being compiled
          with
          [
              _Alloc=std::allocator<std::_List_node<std::pair<const int,int>,std::_Default_allocator_traits<std::allocator<std::pair<const int,int>>>::void_pointer>>,
              _Ty=std::pair<const int,int>,
              _Objty=std::pair<const int,int>
          ]
C:\Program Files\Microsoft Visual Studio\2022\Preview\VC\Tools\MSVC\14.35.32124\include\list(586,34): message : see reference to function template instantiation 'void std::_Default_allocator_traits<_Alloc>::construct<_Ty,std::pair<int,unsigned __int64>>(_Alloc &,_Objty *const ,std::pair<int,unsigned __int64> &&)' being compiled
          with
          [
              _Alloc=std::allocator<std::_List_node<std::pair<const int,int>,std::_Default_allocator_traits<std::allocator<std::pair<const int,int>>>::void_pointer>>,
              _Ty=std::pair<const int,int>,
              _Objty=std::pair<const int,int>
          ]
C:\Program Files\Microsoft Visual Studio\2022\Preview\VC\Tools\MSVC\14.35.32124\include\xhash(588): message : see reference to function template instantiation 'std::_List_node_emplace_op2<std::allocator<std::_List_node<_Ty,std::_Default_allocator_traits<_Alloc>::void_pointer>>>::_List_node_emplace_op2<std::pair<int,unsigned __int64>>(_Alnode &,std::pair<int,unsigned __int64> &&)' being compiled
          with
          [
              _Ty=std::pair<const int,int>,
              _Alloc=std::allocator<std::pair<const int,int>>,
              _Alnode=std::allocator<std::_List_node<std::pair<const int,int>,std::_Default_allocator_traits<std::allocator<std::pair<const int,int>>>::void_pointer>>
          ]
C:\Program Files\Microsoft Visual Studio\2022\Preview\VC\Tools\MSVC\14.35.32124\include\xhash(612,53): message : see reference to function template instantiation 'std::_List_node_emplace_op2<std::allocator<std::_List_node<_Ty,std::_Default_allocator_traits<_Alloc>::void_pointer>>>::_List_node_emplace_op2<std::pair<int,unsigned __int64>>(_Alnode &,std::pair<int,unsigned __int64> &&)' being compiled
          with
          [
              _Ty=std::pair<const int,int>,
              _Alloc=std::allocator<std::pair<const int,int>>,
              _Alnode=std::allocator<std::_List_node<std::pair<const int,int>,std::_Default_allocator_traits<std::allocator<std::pair<const int,int>>>::void_pointer>>
          ]
C:\Program Files\Microsoft Visual Studio\2022\Preview\VC\Tools\MSVC\14.35.32124\include\unordered_map(274,1): message : see reference to function template instantiation 'std::pair<std::_List_iterator<std::_List_val<std::_List_simple_types<_Ty>>>,bool> std::_Hash<std::_Umap_traits<_Kty,int,std::_Uhash_compare<_Kty,_Hasher,_Keyeq>,_Alloc,false>>::emplace<std::pair<int,unsigned __int64>>(std::pair<int,unsigned __int64> &&)' being compiled
          with
          [
              _Ty=std::pair<const int,int>,
              _Kty=int,
              _Hasher=std::hash<int>,
              _Keyeq=std::equal_to<int>,
              _Alloc=std::allocator<std::pair<const int,int>>
          ]
C:\Program Files\Microsoft Visual Studio\2022\Preview\VC\Tools\MSVC\14.35.32124\include\unordered_map(274,9): message : see reference to function template instantiation 'std::pair<std::_List_iterator<std::_List_val<std::_List_simple_types<_Ty>>>,bool> std::_Hash<std::_Umap_traits<_Kty,int,std::_Uhash_compare<_Kty,_Hasher,_Keyeq>,_Alloc,false>>::emplace<std::pair<int,unsigned __int64>>(std::pair<int,unsigned __int64> &&)' being compiled
          with
          [
              _Ty=std::pair<const int,int>,
              _Kty=int,
              _Hasher=std::hash<int>,
              _Keyeq=std::equal_to<int>,
              _Alloc=std::allocator<std::pair<const int,int>>
          ]
C:\Users\crupi\source\repos\twosum_target\twosum_target.cpp(29): message : see reference to function template instantiation 'std::pair<std::_List_iterator<std::_List_val<std::_List_simple_types<_Ty>>>,bool> std::unordered_map<int,int,std::hash<int>,std::equal_to<int>,std::allocator<_Ty>>::insert<std::pair<int,unsigned __int64>,0>(_Valty &&)' being compiled
          with
          [
              _Ty=std::pair<const int,int>,
              _Valty=std::pair<int,unsigned __int64>
          ]
C:\Users\crupi\source\repos\twosum_target\twosum_target.cpp(29,29): message : see reference to function template instantiation 'std::pair<std::_List_iterator<std::_List_val<std::_List_simple_types<_Ty>>>,bool> std::unordered_map<int,int,std::hash<int>,std::equal_to<int>,std::allocator<_Ty>>::insert<std::pair<int,unsigned __int64>,0>(_Valty &&)' being compiled
          with
          [
              _Ty=std::pair<const int,int>,
              _Valty=std::pair<int,unsigned __int64>
          ]
  twosum_target.vcxproj -> C:\Users\crupi\source\repos\twosum_target\arm64\Debug\twosum_target.exe
