c:\users\crupi\source\repos\glfwopengl\debug\vc143.pdb
c:\users\crupi\source\repos\glfwopengl\debug\vc143.idb
c:\users\crupi\source\repos\glfwopengl\debug\main.obj
c:\users\crupi\source\repos\glfwopengl\debug\glfwopengl.vcxproj.cppwinrt_comp.cache
c:\users\crupi\source\repos\glfwopengl\debug\glfwopengl.vcxproj.cppwinrt_plat.cache
c:\users\crupi\source\repos\glfwopengl\debug\glfwopengl.vcxproj.mdmergeinputs.cache
c:\users\crupi\source\repos\glfwopengl\debug\glfwopengl.vcxproj.cppwinrt_comp.rsp
c:\users\crupi\source\repos\glfwopengl\debug\glfwopengl.vcxproj.cppwinrt_plat.rsp
c:\users\crupi\source\repos\glfwopengl\debug\glfwopengl.vcxproj.mdmerge.rsp
c:\users\crupi\source\repos\glfwopengl\debug\glfwopengl.vcxproj.midlrt.rsp
c:\users\crupi\source\repos\glfwopengl\debug\glfwopengl.pdb
c:\users\crupi\source\repos\glfwopengl\debug\glfwopengl.tlog\cl.command.1.tlog
c:\users\crupi\source\repos\glfwopengl\debug\glfwopengl.tlog\cl.read.1.tlog
c:\users\crupi\source\repos\glfwopengl\debug\glfwopengl.tlog\cl.write.1.tlog
c:\users\crupi\source\repos\glfwopengl\debug\glfwopengl.tlog\link-cvtres.read.1.tlog
c:\users\crupi\source\repos\glfwopengl\debug\glfwopengl.tlog\link-cvtres.write.1.tlog
c:\users\crupi\source\repos\glfwopengl\debug\glfwopengl.tlog\link-rc.read.1.tlog
c:\users\crupi\source\repos\glfwopengl\debug\glfwopengl.tlog\link-rc.write.1.tlog
c:\users\crupi\source\repos\glfwopengl\debug\glfwopengl.tlog\link.command.1.tlog
c:\users\crupi\source\repos\glfwopengl\debug\glfwopengl.tlog\link.read.1.tlog
c:\users\crupi\source\repos\glfwopengl\debug\glfwopengl.tlog\link.read.2.tlog
c:\users\crupi\source\repos\glfwopengl\debug\glfwopengl.tlog\link.read.3.tlog
c:\users\crupi\source\repos\glfwopengl\debug\glfwopengl.tlog\link.read.4.tlog
c:\users\crupi\source\repos\glfwopengl\debug\glfwopengl.tlog\link.write.1.tlog
